<?xml version="1.0" encoding="UTF-8"?>
<!-- Generated by org.testng.reporters.JUnitXMLReporter -->
<testsuite hostname="tina-VirtualBox" ignored="0" name="Default test" tests="2" failures="0" timestamp="08 Nov 2018 16:41:13 GMT" time="5.994" errors="0">
  <testcase name="incorrectLoginTest" time="3.319" classname="com.herokuapp.theinternet.NegativeTests"/>
  <testcase name="incorrectPasswordTest" time="2.635" classname="com.herokuapp.theinternet.NegativeTests"/>
</testsuite> <!-- Default test -->
