<?xml version="1.0" encoding="UTF-8"?>
<!-- Generated by org.testng.reporters.JUnitXMLReporter -->
<testsuite hostname="tina-VirtualBox" ignored="0" name="NegativeTest" tests="2" failures="0" timestamp="08 Nov 2018 17:15:13 GMT" time="7.641" errors="0">
  <testcase name="incorrectUsernameTest" time="2.549" classname="com.herokuapp.theinternet.NegativeTests"/>
  <testcase name="incorrectPasswordTest" time="5.064" classname="com.herokuapp.theinternet.NegativeTests"/>
</testsuite> <!-- NegativeTest -->
