<?xml version="1.0" encoding="UTF-8"?>
<testng-results skipped="0" failed="0" ignored="3" total="4" passed="1">
  <reporter-output>
  </reporter-output>
  <suite name="ExceptionsTestsSuite" duration-ms="14197" started-at="2018-11-12T20:30:33Z" finished-at="2018-11-12T20:30:47Z">
    <groups>
    </groups>
    <test name="ExceptionsTest" duration-ms="14197" started-at="2018-11-12T20:30:33Z" finished-at="2018-11-12T20:30:47Z">
      <class name="com.herokuapp.theinternet.ExceptionsTests">
        <test-method status="PASS" signature="setup()[pri:0, instance:com.herokuapp.theinternet.ExceptionsTests@4c70fda8]" name="setup" is-config="true" duration-ms="5110" started-at="2018-11-12T20:30:33Z" finished-at="2018-11-12T20:30:38Z">
          <reporter-output>
          </reporter-output>
        </test-method> <!-- setup -->
        <test-method status="PASS" signature="staleElementTest()[pri:0, instance:com.herokuapp.theinternet.ExceptionsTests@4c70fda8]" name="staleElementTest" duration-ms="5906" started-at="2018-11-12T20:30:38Z" finished-at="2018-11-12T20:30:44Z">
          <reporter-output>
          </reporter-output>
        </test-method> <!-- staleElementTest -->
        <test-method status="PASS" signature="tearDown()[pri:0, instance:com.herokuapp.theinternet.ExceptionsTests@4c70fda8]" name="tearDown" is-config="true" duration-ms="3141" started-at="2018-11-12T20:30:44Z" finished-at="2018-11-12T20:30:47Z">
          <reporter-output>
          </reporter-output>
        </test-method> <!-- tearDown -->
      </class> <!-- com.herokuapp.theinternet.ExceptionsTests -->
    </test> <!-- ExceptionsTest -->
  </suite> <!-- ExceptionsTestsSuite -->
</testng-results>
