<?xml version="1.0" encoding="UTF-8"?>
<testng-results skipped="0" failed="0" ignored="0" total="3" passed="3">
  <reporter-output>
  </reporter-output>
  <suite name="FirstTestSuite" duration-ms="17383" started-at="2018-11-08T17:14:55Z" finished-at="2018-11-08T17:15:13Z">
    <groups>
    </groups>
    <test name="PositiveTest" duration-ms="9709" started-at="2018-11-08T17:14:55Z" finished-at="2018-11-08T17:15:05Z">
      <class name="com.herokuapp.theinternet.PositiveTests">
        <test-method status="PASS" signature="loginTest()[pri:0, instance:com.herokuapp.theinternet.PositiveTests@1593948d]" name="loginTest" duration-ms="9656" started-at="2018-11-08T17:14:55Z" finished-at="2018-11-08T17:15:05Z">
          <reporter-output>
          </reporter-output>
        </test-method> <!-- loginTest -->
      </class> <!-- com.herokuapp.theinternet.PositiveTests -->
    </test> <!-- PositiveTest -->
    <test name="NegativeTest" duration-ms="7641" started-at="2018-11-08T17:15:05Z" finished-at="2018-11-08T17:15:13Z">
      <class name="com.herokuapp.theinternet.NegativeTests">
        <test-method status="PASS" signature="incorrectUsernameTest()[pri:1, instance:com.herokuapp.theinternet.NegativeTests@66a3ffec]" name="incorrectUsernameTest" duration-ms="2549" started-at="2018-11-08T17:15:05Z" finished-at="2018-11-08T17:15:08Z">
          <reporter-output>
          </reporter-output>
        </test-method> <!-- incorrectUsernameTest -->
        <test-method status="PASS" signature="incorrectPasswordTest()[pri:2, instance:com.herokuapp.theinternet.NegativeTests@66a3ffec]" name="incorrectPasswordTest" duration-ms="5064" started-at="2018-11-08T17:15:08Z" finished-at="2018-11-08T17:15:13Z">
          <reporter-output>
          </reporter-output>
        </test-method> <!-- incorrectPasswordTest -->
      </class> <!-- com.herokuapp.theinternet.NegativeTests -->
    </test> <!-- NegativeTest -->
  </suite> <!-- FirstTestSuite -->
</testng-results>
